{"/Users/amandacondron/Desktop/spring2022/webProgramming/WebProgrammingProject/model/DBConnection.js": {"path":"/Users/amandacondron/Desktop/spring2022/webProgramming/WebProgrammingProject/model/DBConnection.js","statementMap":{"0":{"start":{"line":1,"column":0},"end":{"line":1,"column":27}},"1":{"start":{"line":2,"column":17},"end":{"line":2,"column":36}},"2":{"start":{"line":4,"column":0},"end":{"line":12,"column":1}},"3":{"start":{"line":5,"column":14},"end":{"line":5,"column":32}},"4":{"start":{"line":6,"column":4},"end":{"line":6,"column":52}},"5":{"start":{"line":6,"column":23},"end":{"line":6,"column":52}},"6":{"start":{"line":7,"column":4},"end":{"line":7,"column":68}},"7":{"start":{"line":7,"column":23},"end":{"line":7,"column":68}},"8":{"start":{"line":9,"column":4},"end":{"line":11,"column":7}},"9":{"start":{"line":10,"column":8},"end":{"line":10,"column":33}},"10":{"start":{"line":10,"column":16},"end":{"line":10,"column":33}},"11":{"start":{"line":14,"column":0},"end":{"line":16,"column":1}},"12":{"start":{"line":15,"column":4},"end":{"line":15,"column":38}}},"fnMap":{"0":{"name":"(anonymous_0)","decl":{"start":{"line":4,"column":18},"end":{"line":4,"column":19}},"loc":{"start":{"line":4,"column":33},"end":{"line":12,"column":1}},"line":4},"1":{"name":"(anonymous_1)","decl":{"start":{"line":9,"column":25},"end":{"line":9,"column":26}},"loc":{"start":{"line":9,"column":38},"end":{"line":11,"column":5}},"line":9},"2":{"name":"(anonymous_2)","decl":{"start":{"line":14,"column":21},"end":{"line":14,"column":22}},"loc":{"start":{"line":14,"column":37},"end":{"line":16,"column":1}},"line":14}},"branchMap":{"0":{"loc":{"start":{"line":6,"column":4},"end":{"line":6,"column":52}},"type":"if","locations":[{"start":{"line":6,"column":4},"end":{"line":6,"column":52}},{"start":{},"end":{}}],"line":6},"1":{"loc":{"start":{"line":7,"column":4},"end":{"line":7,"column":68}},"type":"if","locations":[{"start":{"line":7,"column":4},"end":{"line":7,"column":68}},{"start":{},"end":{}}],"line":7},"2":{"loc":{"start":{"line":10,"column":8},"end":{"line":10,"column":33}},"type":"if","locations":[{"start":{"line":10,"column":8},"end":{"line":10,"column":33}},{"start":{},"end":{}}],"line":10}},"s":{"0":1,"1":1,"2":1,"3":1,"4":1,"5":1,"6":1,"7":0,"8":1,"9":1,"10":0,"11":1,"12":1},"f":{"0":1,"1":1,"2":1},"b":{"0":[1,0],"1":[0,1],"2":[0,1]},"_coverageSchema":"1a1c01bbd47fc00a2c39e90264f33305004495a9","hash":"1c1d36177950158b4ddf19b599a9cc31c30ddefa"}
,"/Users/amandacondron/Desktop/spring2022/webProgramming/WebProgrammingProject/model/usersDogsDAOMongo.js": {"path":"/Users/amandacondron/Desktop/spring2022/webProgramming/WebProgrammingProject/model/usersDogsDAOMongo.js","statementMap":{"0":{"start":{"line":1,"column":17},"end":{"line":1,"column":36}},"1":{"start":{"line":3,"column":23},"end":{"line":8,"column":2}},"2":{"start":{"line":10,"column":23},"end":{"line":10,"column":66}},"3":{"start":{"line":12,"column":0},"end":{"line":15,"column":1}},"4":{"start":{"line":13,"column":20},"end":{"line":13,"column":47}},"5":{"start":{"line":14,"column":4},"end":{"line":14,"column":21}},"6":{"start":{"line":17,"column":0},"end":{"line":20,"column":1}},"7":{"start":{"line":18,"column":20},"end":{"line":18,"column":53}},"8":{"start":{"line":19,"column":4},"end":{"line":19,"column":21}},"9":{"start":{"line":22,"column":0},"end":{"line":26,"column":1}},"10":{"start":{"line":23,"column":22},"end":{"line":23,"column":48}},"11":{"start":{"line":24,"column":4},"end":{"line":24,"column":27}},"12":{"start":{"line":25,"column":4},"end":{"line":25,"column":21}},"13":{"start":{"line":28,"column":0},"end":{"line":31,"column":1}},"14":{"start":{"line":29,"column":20},"end":{"line":29,"column":62}},"15":{"start":{"line":30,"column":4},"end":{"line":30,"column":21}},"16":{"start":{"line":33,"column":0},"end":{"line":35,"column":1}},"17":{"start":{"line":34,"column":4},"end":{"line":34,"column":38}},"18":{"start":{"line":37,"column":0},"end":{"line":40,"column":1}},"19":{"start":{"line":38,"column":20},"end":{"line":38,"column":60}},"20":{"start":{"line":39,"column":4},"end":{"line":39,"column":21}}},"fnMap":{"0":{"name":"(anonymous_0)","decl":{"start":{"line":12,"column":18},"end":{"line":12,"column":19}},"loc":{"start":{"line":12,"column":34},"end":{"line":15,"column":1}},"line":12},"1":{"name":"(anonymous_1)","decl":{"start":{"line":17,"column":15},"end":{"line":17,"column":16}},"loc":{"start":{"line":17,"column":33},"end":{"line":20,"column":1}},"line":17},"2":{"name":"(anonymous_2)","decl":{"start":{"line":22,"column":17},"end":{"line":22,"column":18}},"loc":{"start":{"line":22,"column":39},"end":{"line":26,"column":1}},"line":22},"3":{"name":"(anonymous_3)","decl":{"start":{"line":28,"column":14},"end":{"line":28,"column":15}},"loc":{"start":{"line":28,"column":32},"end":{"line":31,"column":1}},"line":28},"4":{"name":"(anonymous_4)","decl":{"start":{"line":33,"column":20},"end":{"line":33,"column":21}},"loc":{"start":{"line":33,"column":36},"end":{"line":35,"column":1}},"line":33},"5":{"name":"(anonymous_5)","decl":{"start":{"line":37,"column":17},"end":{"line":37,"column":18}},"loc":{"start":{"line":37,"column":41},"end":{"line":40,"column":1}},"line":37}},"branchMap":{},"s":{"0":1,"1":1,"2":1,"3":1,"4":3,"5":3,"6":1,"7":3,"8":3,"9":1,"10":3,"11":3,"12":3,"13":1,"14":1,"15":1,"16":1,"17":5,"18":1,"19":0,"20":0},"f":{"0":3,"1":3,"2":3,"3":1,"4":5,"5":0},"b":{},"_coverageSchema":"1a1c01bbd47fc00a2c39e90264f33305004495a9","hash":"bb7bb06112eef12f5cb81f00b842e22343dfb2ce"}
,"/Users/amandacondron/Desktop/spring2022/webProgramming/WebProgrammingProject/model/usersDogsDaoMem.js": {"path":"/Users/amandacondron/Desktop/spring2022/webProgramming/WebProgrammingProject/model/usersDogsDaoMem.js","statementMap":{"0":{"start":{"line":1,"column":0},"end":{"line":5,"column":2}},"1":{"start":{"line":7,"column":0},"end":{"line":9,"column":1}},"2":{"start":{"line":8,"column":4},"end":{"line":8,"column":29}},"3":{"start":{"line":11,"column":0},"end":{"line":17,"column":1}},"4":{"start":{"line":12,"column":16},"end":{"line":12,"column":23}},"5":{"start":{"line":13,"column":4},"end":{"line":16,"column":20}},"6":{"start":{"line":14,"column":8},"end":{"line":14,"column":40}},"7":{"start":{"line":16,"column":8},"end":{"line":16,"column":20}},"8":{"start":{"line":19,"column":0},"end":{"line":26,"column":1}},"9":{"start":{"line":20,"column":4},"end":{"line":23,"column":75}},"10":{"start":{"line":21,"column":8},"end":{"line":21,"column":23}},"11":{"start":{"line":23,"column":8},"end":{"line":23,"column":75}},"12":{"start":{"line":24,"column":4},"end":{"line":24,"column":35}},"13":{"start":{"line":25,"column":4},"end":{"line":25,"column":18}},"14":{"start":{"line":28,"column":0},"end":{"line":36,"column":1}},"15":{"start":{"line":29,"column":16},"end":{"line":29,"column":23}},"16":{"start":{"line":30,"column":20},"end":{"line":30,"column":24}},"17":{"start":{"line":31,"column":4},"end":{"line":34,"column":5}},"18":{"start":{"line":32,"column":8},"end":{"line":32,"column":45}},"19":{"start":{"line":33,"column":8},"end":{"line":33,"column":43}},"20":{"start":{"line":35,"column":4},"end":{"line":35,"column":21}},"21":{"start":{"line":39,"column":0},"end":{"line":61,"column":1}},"22":{"start":{"line":40,"column":16},"end":{"line":40,"column":17}},"23":{"start":{"line":41,"column":16},"end":{"line":41,"column":39}},"24":{"start":{"line":42,"column":22},"end":{"line":42,"column":24}},"25":{"start":{"line":43,"column":4},"end":{"line":43,"column":35}},"26":{"start":{"line":44,"column":4},"end":{"line":44,"column":39}},"27":{"start":{"line":45,"column":4},"end":{"line":45,"column":41}},"28":{"start":{"line":46,"column":4},"end":{"line":46,"column":49}},"29":{"start":{"line":47,"column":4},"end":{"line":47,"column":28}},"30":{"start":{"line":48,"column":4},"end":{"line":48,"column":43}},"31":{"start":{"line":49,"column":4},"end":{"line":56,"column":5}},"32":{"start":{"line":49,"column":16},"end":{"line":49,"column":17}},"33":{"start":{"line":51,"column":8},"end":{"line":55,"column":9}},"34":{"start":{"line":53,"column":12},"end":{"line":53,"column":22}},"35":{"start":{"line":54,"column":12},"end":{"line":54,"column":18}},"36":{"start":{"line":57,"column":4},"end":{"line":57,"column":38}},"37":{"start":{"line":58,"column":4},"end":{"line":58,"column":52}},"38":{"start":{"line":60,"column":4},"end":{"line":60,"column":23}},"39":{"start":{"line":64,"column":4},"end":{"line":68,"column":5}},"40":{"start":{"line":64,"column":16},"end":{"line":64,"column":17}},"41":{"start":{"line":66,"column":8},"end":{"line":67,"column":21}},"42":{"start":{"line":67,"column":12},"end":{"line":67,"column":21}},"43":{"start":{"line":69,"column":4},"end":{"line":69,"column":14}}},"fnMap":{"0":{"name":"(anonymous_0)","decl":{"start":{"line":7,"column":18},"end":{"line":7,"column":19}},"loc":{"start":{"line":7,"column":28},"end":{"line":9,"column":1}},"line":7},"1":{"name":"(anonymous_1)","decl":{"start":{"line":11,"column":15},"end":{"line":11,"column":16}},"loc":{"start":{"line":11,"column":27},"end":{"line":17,"column":1}},"line":11},"2":{"name":"(anonymous_2)","decl":{"start":{"line":19,"column":17},"end":{"line":19,"column":18}},"loc":{"start":{"line":19,"column":33},"end":{"line":26,"column":1}},"line":19},"3":{"name":"(anonymous_3)","decl":{"start":{"line":28,"column":14},"end":{"line":28,"column":15}},"loc":{"start":{"line":28,"column":26},"end":{"line":36,"column":1}},"line":28},"4":{"name":"(anonymous_4)","decl":{"start":{"line":39,"column":17},"end":{"line":39,"column":18}},"loc":{"start":{"line":39,"column":33},"end":{"line":61,"column":1}},"line":39},"5":{"name":"pos","decl":{"start":{"line":63,"column":9},"end":{"line":63,"column":12}},"loc":{"start":{"line":63,"column":16},"end":{"line":70,"column":1}},"line":63}},"branchMap":{"0":{"loc":{"start":{"line":13,"column":4},"end":{"line":16,"column":20}},"type":"if","locations":[{"start":{"line":13,"column":4},"end":{"line":16,"column":20}},{"start":{"line":16,"column":8},"end":{"line":16,"column":20}}],"line":13},"1":{"loc":{"start":{"line":20,"column":4},"end":{"line":23,"column":75}},"type":"if","locations":[{"start":{"line":20,"column":4},"end":{"line":23,"column":75}},{"start":{"line":23,"column":8},"end":{"line":23,"column":75}}],"line":20},"2":{"loc":{"start":{"line":31,"column":4},"end":{"line":34,"column":5}},"type":"if","locations":[{"start":{"line":31,"column":4},"end":{"line":34,"column":5}},{"start":{},"end":{}}],"line":31},"3":{"loc":{"start":{"line":51,"column":8},"end":{"line":55,"column":9}},"type":"if","locations":[{"start":{"line":51,"column":8},"end":{"line":55,"column":9}},{"start":{},"end":{}}],"line":51},"4":{"loc":{"start":{"line":66,"column":8},"end":{"line":67,"column":21}},"type":"if","locations":[{"start":{"line":66,"column":8},"end":{"line":67,"column":21}},{"start":{},"end":{}}],"line":66}},"s":{"0":1,"1":1,"2":7,"3":1,"4":1,"5":1,"6":1,"7":0,"8":1,"9":1,"10":0,"11":1,"12":1,"13":1,"14":1,"15":1,"16":1,"17":1,"18":1,"19":1,"20":1,"21":1,"22":1,"23":1,"24":1,"25":1,"26":1,"27":1,"28":1,"29":1,"30":1,"31":1,"32":1,"33":3,"34":0,"35":0,"36":1,"37":1,"38":1,"39":2,"40":2,"41":2,"42":2,"43":0},"f":{"0":7,"1":1,"2":1,"3":1,"4":1,"5":2},"b":{"0":[1,0],"1":[0,1],"2":[1,0],"3":[0,3],"4":[2,0]},"_coverageSchema":"1a1c01bbd47fc00a2c39e90264f33305004495a9","hash":"6ff7405ffa484a2b53bd717d57e31957c4b72d98"}
}
