{"/Users/amandacondron/Desktop/spring2022/webProgramming/WebProgrammingProject/model/usersDogsDaoMem.js": {"path":"/Users/amandacondron/Desktop/spring2022/webProgramming/WebProgrammingProject/model/usersDogsDaoMem.js","statementMap":{"0":{"start":{"line":1,"column":0},"end":{"line":5,"column":2}},"1":{"start":{"line":7,"column":0},"end":{"line":9,"column":1}},"2":{"start":{"line":8,"column":4},"end":{"line":8,"column":29}},"3":{"start":{"line":11,"column":0},"end":{"line":17,"column":1}},"4":{"start":{"line":12,"column":16},"end":{"line":12,"column":23}},"5":{"start":{"line":13,"column":4},"end":{"line":16,"column":20}},"6":{"start":{"line":14,"column":8},"end":{"line":14,"column":40}},"7":{"start":{"line":16,"column":8},"end":{"line":16,"column":20}},"8":{"start":{"line":19,"column":0},"end":{"line":26,"column":1}},"9":{"start":{"line":20,"column":4},"end":{"line":23,"column":75}},"10":{"start":{"line":21,"column":8},"end":{"line":21,"column":23}},"11":{"start":{"line":23,"column":8},"end":{"line":23,"column":75}},"12":{"start":{"line":24,"column":4},"end":{"line":24,"column":35}},"13":{"start":{"line":25,"column":4},"end":{"line":25,"column":18}},"14":{"start":{"line":28,"column":0},"end":{"line":36,"column":1}},"15":{"start":{"line":29,"column":16},"end":{"line":29,"column":23}},"16":{"start":{"line":30,"column":20},"end":{"line":30,"column":24}},"17":{"start":{"line":31,"column":4},"end":{"line":34,"column":5}},"18":{"start":{"line":32,"column":8},"end":{"line":32,"column":45}},"19":{"start":{"line":33,"column":8},"end":{"line":33,"column":43}},"20":{"start":{"line":35,"column":4},"end":{"line":35,"column":21}},"21":{"start":{"line":49,"column":0},"end":{"line":71,"column":1}},"22":{"start":{"line":50,"column":16},"end":{"line":50,"column":17}},"23":{"start":{"line":51,"column":16},"end":{"line":51,"column":39}},"24":{"start":{"line":52,"column":22},"end":{"line":52,"column":24}},"25":{"start":{"line":53,"column":4},"end":{"line":53,"column":35}},"26":{"start":{"line":54,"column":4},"end":{"line":54,"column":39}},"27":{"start":{"line":55,"column":4},"end":{"line":55,"column":41}},"28":{"start":{"line":56,"column":4},"end":{"line":56,"column":49}},"29":{"start":{"line":57,"column":4},"end":{"line":57,"column":28}},"30":{"start":{"line":58,"column":4},"end":{"line":58,"column":43}},"31":{"start":{"line":59,"column":4},"end":{"line":66,"column":5}},"32":{"start":{"line":59,"column":16},"end":{"line":59,"column":17}},"33":{"start":{"line":61,"column":8},"end":{"line":65,"column":9}},"34":{"start":{"line":63,"column":12},"end":{"line":63,"column":22}},"35":{"start":{"line":64,"column":12},"end":{"line":64,"column":18}},"36":{"start":{"line":67,"column":4},"end":{"line":67,"column":38}},"37":{"start":{"line":68,"column":4},"end":{"line":68,"column":52}},"38":{"start":{"line":70,"column":4},"end":{"line":70,"column":23}},"39":{"start":{"line":74,"column":4},"end":{"line":78,"column":5}},"40":{"start":{"line":74,"column":16},"end":{"line":74,"column":17}},"41":{"start":{"line":76,"column":8},"end":{"line":77,"column":21}},"42":{"start":{"line":77,"column":12},"end":{"line":77,"column":21}},"43":{"start":{"line":79,"column":4},"end":{"line":79,"column":14}}},"fnMap":{"0":{"name":"(anonymous_0)","decl":{"start":{"line":7,"column":18},"end":{"line":7,"column":19}},"loc":{"start":{"line":7,"column":28},"end":{"line":9,"column":1}},"line":7},"1":{"name":"(anonymous_1)","decl":{"start":{"line":11,"column":15},"end":{"line":11,"column":16}},"loc":{"start":{"line":11,"column":27},"end":{"line":17,"column":1}},"line":11},"2":{"name":"(anonymous_2)","decl":{"start":{"line":19,"column":17},"end":{"line":19,"column":18}},"loc":{"start":{"line":19,"column":33},"end":{"line":26,"column":1}},"line":19},"3":{"name":"(anonymous_3)","decl":{"start":{"line":28,"column":14},"end":{"line":28,"column":15}},"loc":{"start":{"line":28,"column":26},"end":{"line":36,"column":1}},"line":28},"4":{"name":"(anonymous_4)","decl":{"start":{"line":49,"column":17},"end":{"line":49,"column":18}},"loc":{"start":{"line":49,"column":33},"end":{"line":71,"column":1}},"line":49},"5":{"name":"pos","decl":{"start":{"line":73,"column":9},"end":{"line":73,"column":12}},"loc":{"start":{"line":73,"column":16},"end":{"line":80,"column":1}},"line":73}},"branchMap":{"0":{"loc":{"start":{"line":13,"column":4},"end":{"line":16,"column":20}},"type":"if","locations":[{"start":{"line":13,"column":4},"end":{"line":16,"column":20}},{"start":{"line":16,"column":8},"end":{"line":16,"column":20}}],"line":13},"1":{"loc":{"start":{"line":20,"column":4},"end":{"line":23,"column":75}},"type":"if","locations":[{"start":{"line":20,"column":4},"end":{"line":23,"column":75}},{"start":{"line":23,"column":8},"end":{"line":23,"column":75}}],"line":20},"2":{"loc":{"start":{"line":31,"column":4},"end":{"line":34,"column":5}},"type":"if","locations":[{"start":{"line":31,"column":4},"end":{"line":34,"column":5}},{"start":{},"end":{}}],"line":31},"3":{"loc":{"start":{"line":61,"column":8},"end":{"line":65,"column":9}},"type":"if","locations":[{"start":{"line":61,"column":8},"end":{"line":65,"column":9}},{"start":{},"end":{}}],"line":61},"4":{"loc":{"start":{"line":76,"column":8},"end":{"line":77,"column":21}},"type":"if","locations":[{"start":{"line":76,"column":8},"end":{"line":77,"column":21}},{"start":{},"end":{}}],"line":76}},"s":{"0":1,"1":1,"2":7,"3":1,"4":1,"5":1,"6":1,"7":0,"8":1,"9":1,"10":0,"11":1,"12":1,"13":1,"14":1,"15":1,"16":1,"17":1,"18":1,"19":1,"20":1,"21":1,"22":1,"23":1,"24":1,"25":1,"26":1,"27":1,"28":1,"29":1,"30":1,"31":1,"32":1,"33":3,"34":0,"35":0,"36":1,"37":1,"38":1,"39":2,"40":2,"41":2,"42":2,"43":0},"f":{"0":7,"1":1,"2":1,"3":1,"4":1,"5":2},"b":{"0":[1,0],"1":[0,1],"2":[1,0],"3":[0,3],"4":[2,0]},"_coverageSchema":"1a1c01bbd47fc00a2c39e90264f33305004495a9","hash":"d9732782d3bcd13a59d67e596277d71e878ada98"}
}
