TN:
SF:model/DBConnection.js
FN:4,(anonymous_0)
FN:9,(anonymous_1)
FN:14,(anonymous_2)
FNF:3
FNH:3
FNDA:1,(anonymous_0)
FNDA:1,(anonymous_1)
FNDA:1,(anonymous_2)
DA:1,1
DA:2,1
DA:4,1
DA:5,1
DA:6,1
DA:7,1
DA:9,1
DA:10,1
DA:14,1
DA:15,1
LF:10
LH:10
BRDA:6,0,0,1
BRDA:6,0,1,0
BRDA:7,1,0,0
BRDA:7,1,1,1
BRDA:10,2,0,0
BRDA:10,2,1,1
BRF:6
BRH:3
end_of_record
TN:
SF:model/usersDogsDAOMongo.js
FN:12,(anonymous_0)
FN:17,(anonymous_1)
FN:22,(anonymous_2)
FN:28,(anonymous_3)
FN:33,(anonymous_4)
FN:37,(anonymous_5)
FNF:6
FNH:6
FNDA:3,(anonymous_0)
FNDA:3,(anonymous_1)
FNDA:4,(anonymous_2)
FNDA:1,(anonymous_3)
FNDA:6,(anonymous_4)
FNDA:1,(anonymous_5)
DA:1,1
DA:3,1
DA:10,1
DA:12,1
DA:13,3
DA:14,3
DA:17,1
DA:18,3
DA:19,3
DA:22,1
DA:23,4
DA:24,4
DA:25,4
DA:28,1
DA:29,1
DA:30,1
DA:33,1
DA:34,6
DA:37,1
DA:38,1
DA:39,1
LF:21
LH:21
BRF:0
BRH:0
end_of_record
TN:
SF:model/usersDogsDaoMem.js
FN:7,(anonymous_0)
FN:11,(anonymous_1)
FN:19,(anonymous_2)
FN:28,(anonymous_3)
FN:39,(anonymous_4)
FN:63,pos
FNF:6
FNH:6
FNDA:7,(anonymous_0)
FNDA:1,(anonymous_1)
FNDA:1,(anonymous_2)
FNDA:1,(anonymous_3)
FNDA:1,(anonymous_4)
FNDA:2,pos
DA:1,1
DA:7,1
DA:8,7
DA:11,1
DA:12,1
DA:13,1
DA:14,1
DA:16,0
DA:19,1
DA:20,1
DA:21,0
DA:23,1
DA:24,1
DA:25,1
DA:28,1
DA:29,1
DA:30,1
DA:31,1
DA:32,1
DA:33,1
DA:35,1
DA:39,1
DA:40,1
DA:41,1
DA:42,1
DA:43,1
DA:44,1
DA:45,1
DA:46,1
DA:47,1
DA:48,1
DA:49,1
DA:51,3
DA:53,0
DA:54,0
DA:57,1
DA:58,1
DA:60,1
DA:64,2
DA:66,2
DA:67,2
DA:69,0
LF:42
LH:37
BRDA:13,0,0,1
BRDA:13,0,1,0
BRDA:20,1,0,0
BRDA:20,1,1,1
BRDA:31,2,0,1
BRDA:31,2,1,0
BRDA:51,3,0,0
BRDA:51,3,1,3
BRDA:66,4,0,2
BRDA:66,4,1,0
BRF:10
BRH:5
end_of_record
