TN:
SF:model/usersDogsDaoMem.js
FN:7,(anonymous_0)
FN:11,(anonymous_1)
FN:19,(anonymous_2)
FN:28,(anonymous_3)
FN:49,(anonymous_4)
FN:73,pos
FNF:6
FNH:6
FNDA:7,(anonymous_0)
FNDA:1,(anonymous_1)
FNDA:1,(anonymous_2)
FNDA:1,(anonymous_3)
FNDA:1,(anonymous_4)
FNDA:2,pos
DA:1,1
DA:7,1
DA:8,7
DA:11,1
DA:12,1
DA:13,1
DA:14,1
DA:16,0
DA:19,1
DA:20,1
DA:21,0
DA:23,1
DA:24,1
DA:25,1
DA:28,1
DA:29,1
DA:30,1
DA:31,1
DA:32,1
DA:33,1
DA:35,1
DA:49,1
DA:50,1
DA:51,1
DA:52,1
DA:53,1
DA:54,1
DA:55,1
DA:56,1
DA:57,1
DA:58,1
DA:59,1
DA:61,3
DA:63,0
DA:64,0
DA:67,1
DA:68,1
DA:70,1
DA:74,2
DA:76,2
DA:77,2
DA:79,0
LF:42
LH:37
BRDA:13,0,0,1
BRDA:13,0,1,0
BRDA:20,1,0,0
BRDA:20,1,1,1
BRDA:31,2,0,1
BRDA:31,2,1,0
BRDA:61,3,0,0
BRDA:61,3,1,3
BRDA:76,4,0,2
BRDA:76,4,1,0
BRF:10
BRH:5
end_of_record
